num_init_seeds: 7000
num_final_superpixels: 4000
n_masses: 300
num_of_tries: 5
red_channel_mean_threshold: 150
green_channel_mean_threshold: 110
blue_channel_mean_threshold: 100

--------------
img: 2.png
num_init_seeds: 7000
num_final_superpixels: 4000
n_masses: 300
num_of_tries: 5
tp: 156
fp: 74
fn: 2
precision: 0.68
recall: 0.99
f1_score: 0.81

--------------
img: 3.png
num_init_seeds: 7000
num_final_superpixels: 4000
n_masses: 300
num_of_tries: 5
tp: 114
fp: 87
fn: 1
precision: 0.57
recall: 0.99
f1_score: 0.72

--------------
img: 4.png
num_init_seeds: 7000
num_final_superpixels: 4000
n_masses: 300
num_of_tries: 5
tp: 93
fp: 60
fn: 16
precision: 0.61
recall: 0.85
f1_score: 0.71

--------------
img: 5.png
num_init_seeds: 7000
num_final_superpixels: 4000
n_masses: 300
num_of_tries: 5
tp: 44
fp: 25
fn: 6
precision: 0.64
recall: 0.88
f1_score: 0.74

--------------
img: 6.png
num_init_seeds: 7000
num_final_superpixels: 4000
n_masses: 300
num_of_tries: 5
tp: 75
fp: 51
fn: 1
precision: 0.6
recall: 0.99
f1_score: 0.75

--------------
img: 7.png
num_init_seeds: 7000
num_final_superpixels: 4000
n_masses: 300
num_of_tries: 5
tp: 89
fp: 34
fn: 5
precision: 0.72
recall: 0.95
f1_score: 0.82

--------------
img: 8.png
num_init_seeds: 7000
num_final_superpixels: 4000
n_masses: 300
num_of_tries: 5
tp: 36
fp: 14
fn: 2
precision: 0.72
recall: 0.95
f1_score: 0.82

--------------
img: 9.png
num_init_seeds: 7000
num_final_superpixels: 4000
n_masses: 300
num_of_tries: 5
tp: 16
fp: 21
fn: 1
precision: 0.43
recall: 0.94
f1_score: 0.59

--------------
img: 10.png
num_init_seeds: 7000
num_final_superpixels: 4000
n_masses: 300
num_of_tries: 5
tp: 15
fp: 10
fn: 1
precision: 0.6
recall: 0.94
f1_score: 0.73
