num_init_seeds: 7000
num_final_superpixels: 4000
n_masses: 300
num_of_tries: 5
red_channel_mean_threshold: 160
green_channel_mean_threshold: 120
blue_channel_mean_threshold: 110

--------------
img: 2.png
num_init_seeds: 7000
num_final_superpixels: 4000
n_masses: 300
num_of_tries: 5
tp: 158
fp: 199
fn: 1
precision: 0.44
recall: 0.99
f1_score: 0.61

--------------
img: 3.png
num_init_seeds: 7000
num_final_superpixels: 4000
n_masses: 300
num_of_tries: 5
tp: 113
fp: 177
fn: 2
precision: 0.39
recall: 0.98
f1_score: 0.56

--------------
img: 4.png
num_init_seeds: 7000
num_final_superpixels: 4000
n_masses: 300
num_of_tries: 5
tp: 99
fp: 157
fn: 8
precision: 0.39
recall: 0.93
f1_score: 0.55

--------------
img: 5.png
num_init_seeds: 7000
num_final_superpixels: 4000
n_masses: 300
num_of_tries: 5
tp: 46
fp: 97
fn: 4
precision: 0.32
recall: 0.92
f1_score: 0.47

--------------
img: 6.png
num_init_seeds: 7000
num_final_superpixels: 4000
n_masses: 300
num_of_tries: 5
tp: 77
fp: 146
fn: 1
precision: 0.35
recall: 0.99
f1_score: 0.52

--------------
img: 7.png
num_init_seeds: 7000
num_final_superpixels: 4000
n_masses: 300
num_of_tries: 5
tp: 89
fp: 110
fn: 4
precision: 0.45
recall: 0.96
f1_score: 0.61

--------------
img: 8.png
num_init_seeds: 7000
num_final_superpixels: 4000
n_masses: 300
num_of_tries: 5
tp: 38
fp: 53
fn: 1
precision: 0.42
recall: 0.97
f1_score: 0.59

--------------
img: 9.png
num_init_seeds: 7000
num_final_superpixels: 4000
n_masses: 300
num_of_tries: 5
tp: 16
fp: 42
fn: 1
precision: 0.28
recall: 0.94
f1_score: 0.43

--------------
img: 10.png
num_init_seeds: 7000
num_final_superpixels: 4000
n_masses: 300
num_of_tries: 5
tp: 16
fp: 57
fn: 1
precision: 0.22
recall: 0.94
f1_score: 0.36
